time="2024-12-09T02:05:54+05:30" level=info msg="Logging initialized" func=product-management/internal/logging.Init file="C:/Users/RISHI/Desktop/product-management/internal/logging/logging.go:39"
time="2024-12-09T02:05:55+05:30" level=info msg="Successfully connected to the database" func=product-management/internal/db.Connect file="C:/Users/RISHI/Desktop/product-management/internal/db/db.go:40"
time="2024-12-09T02:05:55+05:30" level=info msg="Connected to Redis successfully" func=product-management/internal/cache.Connect file="C:/Users/RISHI/Desktop/product-management/internal/cache/cache.go:44"
time="2024-12-09T02:06:11+05:30" level=error msg="Error connecting to RabbitMQ: Exception (406) Reason: \"PRECONDITION_FAILED - inequivalent arg 'x-dead-letter-exchange' for queue 'image_processing' in vhost '/': received the value '' of type 'longstr' but current is none\"" func=product-management/internal/queue.Publish file="C:/Users/RISHI/Desktop/product-management/internal/queue/producer.go:72"
time="2024-12-09T02:06:11+05:30" level=error msg="Failed to enqueue image processing task" func=product-management/internal/api.CreateProduct file="C:/Users/RISHI/Desktop/product-management/internal/api/products.go:74" error="Exception (406) Reason: \"PRECONDITION_FAILED - inequivalent arg 'x-dead-letter-exchange' for queue 'image_processing' in vhost '/': received the value '' of type 'longstr' but current is none\"" image_urls="[http://example.com/image1.jpg]" product_id=7
time="2024-12-09T02:06:42+05:30" level=error msg="Error connecting to RabbitMQ: Exception (406) Reason: \"PRECONDITION_FAILED - inequivalent arg 'x-dead-letter-exchange' for queue 'image_processing' in vhost '/': received the value '' of type 'longstr' but current is none\"" func=product-management/internal/queue.Publish file="C:/Users/RISHI/Desktop/product-management/internal/queue/producer.go:72"
time="2024-12-09T02:06:42+05:30" level=error msg="Failed to enqueue image processing task" func=product-management/internal/api.CreateProduct file="C:/Users/RISHI/Desktop/product-management/internal/api/products.go:74" error="Exception (406) Reason: \"PRECONDITION_FAILED - inequivalent arg 'x-dead-letter-exchange' for queue 'image_processing' in vhost '/': received the value '' of type 'longstr' but current is none\"" image_urls="[http://example.com/image1.jpg]" product_id=8
time="2024-12-09T02:08:08+05:30" level=info msg="Logging initialized" func=product-management/internal/logging.Init file="C:/Users/RISHI/Desktop/product-management/internal/logging/logging.go:39"
time="2024-12-09T02:08:08+05:30" level=info msg="Successfully connected to the database" func=product-management/internal/db.Connect file="C:/Users/RISHI/Desktop/product-management/internal/db/db.go:40"
time="2024-12-09T02:08:08+05:30" level=info msg="Connected to Redis successfully" func=product-management/internal/cache.Connect file="C:/Users/RISHI/Desktop/product-management/internal/cache/cache.go:44"
time="2024-12-09T02:08:17+05:30" level=error msg="Error connecting to RabbitMQ: Exception (406) Reason: \"PRECONDITION_FAILED - inequivalent arg 'x-dead-letter-exchange' for queue 'image_processing' in vhost '/': received the value '' of type 'longstr' but current is none\"" func=product-management/internal/queue.Publish file="C:/Users/RISHI/Desktop/product-management/internal/queue/producer.go:72"
time="2024-12-09T02:08:17+05:30" level=error msg="Failed to enqueue image processing task" func=product-management/internal/api.CreateProduct file="C:/Users/RISHI/Desktop/product-management/internal/api/products.go:74" error="Exception (406) Reason: \"PRECONDITION_FAILED - inequivalent arg 'x-dead-letter-exchange' for queue 'image_processing' in vhost '/': received the value '' of type 'longstr' but current is none\"" image_urls="[http://example.com/image1.jpg]" product_id=9
time="2024-12-09T02:08:22+05:30" level=warning msg="Cache miss for key: product:5" func=product-management/internal/cache.GetCache file="C:/Users/RISHI/Desktop/product-management/internal/cache/cache.go:67"
time="2024-12-09T02:08:22+05:30" level=info msg="Cache set successfully in Redis" func=product-management/internal/cache.SetCache file="C:/Users/RISHI/Desktop/product-management/internal/cache/cache.go:59" key="product:5" ttl=600ns
time="2024-12-09T02:08:28+05:30" level=warning msg="Cache miss for key: product:6" func=product-management/internal/cache.GetCache file="C:/Users/RISHI/Desktop/product-management/internal/cache/cache.go:67"
time="2024-12-09T02:08:28+05:30" level=info msg="Cache set successfully in Redis" func=product-management/internal/cache.SetCache file="C:/Users/RISHI/Desktop/product-management/internal/cache/cache.go:59" key="product:6" ttl=600ns
time="2024-12-09T02:08:33+05:30" level=warning msg="Cache miss for key: product:2" func=product-management/internal/cache.GetCache file="C:/Users/RISHI/Desktop/product-management/internal/cache/cache.go:67"
time="2024-12-09T02:08:33+05:30" level=warning msg="Product not found" func=product-management/internal/api.GetProductByID file="C:/Users/RISHI/Desktop/product-management/internal/api/products.go:112" product_id=2
time="2024-12-09T02:08:41+05:30" level=warning msg="Cache miss for key: products:user:2" func=product-management/internal/cache.GetCache file="C:/Users/RISHI/Desktop/product-management/internal/cache/cache.go:67"
time="2024-12-09T02:08:41+05:30" level=info msg="Cache set successfully in Redis" func=product-management/internal/cache.SetCache file="C:/Users/RISHI/Desktop/product-management/internal/cache/cache.go:59" key="products:user:2" ttl=600ns
time="2024-12-09T02:08:46+05:30" level=warning msg="Cache miss for key: products:user:1" func=product-management/internal/cache.GetCache file="C:/Users/RISHI/Desktop/product-management/internal/cache/cache.go:67"
time="2024-12-09T02:08:46+05:30" level=info msg="Cache set successfully in Redis" func=product-management/internal/cache.SetCache file="C:/Users/RISHI/Desktop/product-management/internal/cache/cache.go:59" key="products:user:1" ttl=600ns
time="2024-12-09T02:08:54+05:30" level=warning msg="Cache miss for key: products:user:1" func=product-management/internal/cache.GetCache file="C:/Users/RISHI/Desktop/product-management/internal/cache/cache.go:67"
time="2024-12-09T02:08:54+05:30" level=info msg="Cache set successfully in Redis" func=product-management/internal/cache.SetCache file="C:/Users/RISHI/Desktop/product-management/internal/cache/cache.go:59" key="products:user:1" ttl=600ns
time="2024-12-09T02:09:06+05:30" level=info msg="Cache set successfully in Redis" func=product-management/internal/cache.SetCache file="C:/Users/RISHI/Desktop/product-management/internal/cache/cache.go:59" key="product:1" ttl=0s
time="2024-12-09T02:19:39+05:30" level=info msg="Logging initialized" func=product-management/internal/logging.Init file="C:/Users/RISHI/Desktop/product-management/internal/logging/logging.go:39"
time="2024-12-09T02:19:39+05:30" level=info msg="Successfully connected to the database" func=product-management/internal/db.Connect file="C:/Users/RISHI/Desktop/product-management/internal/db/db.go:40"
time="2024-12-09T02:19:39+05:30" level=info msg="Connected to Redis successfully" func=product-management/internal/cache.Connect file="C:/Users/RISHI/Desktop/product-management/internal/cache/cache.go:44"
time="2024-12-09T02:19:46+05:30" level=error msg="Error connecting to RabbitMQ: Exception (406) Reason: \"PRECONDITION_FAILED - inequivalent arg 'x-dead-letter-exchange' for queue 'image_processing' in vhost '/': received the value '' of type 'longstr' but current is none\"" func=product-management/internal/queue.Publish file="C:/Users/RISHI/Desktop/product-management/internal/queue/producer.go:72"
time="2024-12-09T02:19:46+05:30" level=error msg="Failed to enqueue image processing task" func=product-management/internal/api.CreateProduct file="C:/Users/RISHI/Desktop/product-management/internal/api/products.go:74" error="Exception (406) Reason: \"PRECONDITION_FAILED - inequivalent arg 'x-dead-letter-exchange' for queue 'image_processing' in vhost '/': received the value '' of type 'longstr' but current is none\"" image_urls="[http://example.com/image1.jpg]" product_id=10
time="2024-12-09T02:19:55+05:30" level=warning msg="Cache miss for key: product:2" func=product-management/internal/cache.GetCache file="C:/Users/RISHI/Desktop/product-management/internal/cache/cache.go:67"
time="2024-12-09T02:19:55+05:30" level=warning msg="Product not found" func=product-management/internal/api.GetProductByID file="C:/Users/RISHI/Desktop/product-management/internal/api/products.go:112" product_id=2
time="2024-12-09T02:20:00+05:30" level=warning msg="Cache miss for key: product:3" func=product-management/internal/cache.GetCache file="C:/Users/RISHI/Desktop/product-management/internal/cache/cache.go:67"
time="2024-12-09T02:20:00+05:30" level=info msg="Cache set successfully in Redis" func=product-management/internal/cache.SetCache file="C:/Users/RISHI/Desktop/product-management/internal/cache/cache.go:59" key="product:3" ttl=600ns
time="2024-12-09T02:24:49+05:30" level=info msg="Logging initialized" func=product-management/internal/logging.Init file="C:/Users/RISHI/Desktop/product-management/internal/logging/logging.go:39"
time="2024-12-09T02:24:49+05:30" level=info msg="Successfully connected to the database" func=product-management/internal/db.Connect file="C:/Users/RISHI/Desktop/product-management/internal/db/db.go:40"
time="2024-12-09T02:24:49+05:30" level=info msg="Connected to Redis successfully" func=product-management/internal/cache.Connect file="C:/Users/RISHI/Desktop/product-management/internal/cache/cache.go:44"
time="2024-12-09T02:24:54+05:30" level=error msg="Error connecting to RabbitMQ: Exception (406) Reason: \"PRECONDITION_FAILED - inequivalent arg 'x-dead-letter-exchange' for queue 'image_processing' in vhost '/': received the value '' of type 'longstr' but current is none\"" func=product-management/internal/queue.Publish file="C:/Users/RISHI/Desktop/product-management/internal/queue/producer.go:72"
time="2024-12-09T02:24:54+05:30" level=error msg="Failed to enqueue image processing task" func=product-management/internal/api.CreateProduct file="C:/Users/RISHI/Desktop/product-management/internal/api/products.go:74" error="Exception (406) Reason: \"PRECONDITION_FAILED - inequivalent arg 'x-dead-letter-exchange' for queue 'image_processing' in vhost '/': received the value '' of type 'longstr' but current is none\"" image_urls="[http://example.com/image1.jpg]" product_id=11
time="2024-12-09T02:32:55+05:30" level=info msg="Logging initialized" func=product-management/internal/logging.Init file="C:/Users/RISHI/Desktop/product-management/internal/logging/logging.go:39"
time="2024-12-09T02:32:55+05:30" level=info msg="Successfully connected to the database" func=product-management/internal/db.Connect file="C:/Users/RISHI/Desktop/product-management/internal/db/db.go:40"
time="2024-12-09T02:32:55+05:30" level=info msg="Connected to Redis successfully" func=product-management/internal/cache.Connect file="C:/Users/RISHI/Desktop/product-management/internal/cache/cache.go:44"
time="2024-12-09T02:32:59+05:30" level=error msg="Error connecting to RabbitMQ: Exception (406) Reason: \"PRECONDITION_FAILED - inequivalent arg 'x-dead-letter-exchange' for queue 'image_processing' in vhost '/': received the value '' of type 'longstr' but current is none\"" func=product-management/internal/queue.Publish file="C:/Users/RISHI/Desktop/product-management/internal/queue/producer.go:72"
time="2024-12-09T02:32:59+05:30" level=error msg="Failed to enqueue image processing task" func=product-management/internal/api.CreateProduct file="C:/Users/RISHI/Desktop/product-management/internal/api/products.go:74" error="Exception (406) Reason: \"PRECONDITION_FAILED - inequivalent arg 'x-dead-letter-exchange' for queue 'image_processing' in vhost '/': received the value '' of type 'longstr' but current is none\"" image_urls="[http://example.com/image1.jpg]" product_id=12
time="2024-12-09T02:33:03+05:30" level=error msg="Error connecting to RabbitMQ: Exception (406) Reason: \"PRECONDITION_FAILED - inequivalent arg 'x-dead-letter-exchange' for queue 'image_processing' in vhost '/': received the value '' of type 'longstr' but current is none\"" func=product-management/internal/queue.Publish file="C:/Users/RISHI/Desktop/product-management/internal/queue/producer.go:72"
time="2024-12-09T02:33:03+05:30" level=error msg="Failed to enqueue image processing task" func=product-management/internal/api.CreateProduct file="C:/Users/RISHI/Desktop/product-management/internal/api/products.go:74" error="Exception (406) Reason: \"PRECONDITION_FAILED - inequivalent arg 'x-dead-letter-exchange' for queue 'image_processing' in vhost '/': received the value '' of type 'longstr' but current is none\"" image_urls="[http://example.com/image1.jpg]" product_id=13
time="2024-12-09T02:45:52+05:30" level=error msg="Error connecting to RabbitMQ: Exception (406) Reason: \"PRECONDITION_FAILED - inequivalent arg 'x-dead-letter-exchange' for queue 'image_processing' in vhost '/': received the value '' of type 'longstr' but current is none\"" func=product-management/internal/queue.Publish file="C:/Users/RISHI/Desktop/product-management/internal/queue/producer.go:72"
time="2024-12-09T02:45:52+05:30" level=error msg="Failed to enqueue image processing task" func=product-management/internal/api.CreateProduct file="C:/Users/RISHI/Desktop/product-management/internal/api/products.go:74" error="Exception (406) Reason: \"PRECONDITION_FAILED - inequivalent arg 'x-dead-letter-exchange' for queue 'image_processing' in vhost '/': received the value '' of type 'longstr' but current is none\"" image_urls="[http://example.com/image1.jpg]" product_id=14
time="2024-12-09T03:01:11+05:30" level=info msg="Logging initialized" func=product-management/internal/logging.Init file="C:/Users/RISHI/Desktop/product-management/internal/logging/logging.go:39"
time="2024-12-09T03:01:11+05:30" level=info msg="Successfully connected to the database" func=product-management/internal/db.Connect file="C:/Users/RISHI/Desktop/product-management/internal/db/db.go:40"
time="2024-12-09T03:01:12+05:30" level=info msg="Connected to Redis successfully" func=product-management/internal/cache.Connect file="C:/Users/RISHI/Desktop/product-management/internal/cache/cache.go:44"
time="2024-12-09T03:01:47+05:30" level=warning msg="Cache miss for key: product:3" func=product-management/internal/cache.GetCache file="C:/Users/RISHI/Desktop/product-management/internal/cache/cache.go:67"
time="2024-12-09T03:01:47+05:30" level=info msg="Cache set successfully in Redis" func=product-management/internal/cache.SetCache file="C:/Users/RISHI/Desktop/product-management/internal/cache/cache.go:59" key="product:3" ttl=600ns
time="2024-12-09T03:01:53+05:30" level=warning msg="Cache miss for key: products:user:1" func=product-management/internal/cache.GetCache file="C:/Users/RISHI/Desktop/product-management/internal/cache/cache.go:67"
time="2024-12-09T03:01:53+05:30" level=info msg="Cache set successfully in Redis" func=product-management/internal/cache.SetCache file="C:/Users/RISHI/Desktop/product-management/internal/cache/cache.go:59" key="products:user:1" ttl=600ns
time="2024-12-09T03:02:08+05:30" level=error msg="Error connecting to RabbitMQ: Exception (406) Reason: \"PRECONDITION_FAILED - inequivalent arg 'x-dead-letter-exchange' for queue 'image_processing' in vhost '/': received the value '' of type 'longstr' but current is none\"" func=product-management/internal/queue.Publish file="C:/Users/RISHI/Desktop/product-management/internal/queue/producer.go:72"
time="2024-12-09T03:02:08+05:30" level=error msg="Failed to enqueue image processing task" func=product-management/internal/api.CreateProduct file="C:/Users/RISHI/Desktop/product-management/internal/api/products.go:74" error="Exception (406) Reason: \"PRECONDITION_FAILED - inequivalent arg 'x-dead-letter-exchange' for queue 'image_processing' in vhost '/': received the value '' of type 'longstr' but current is none\"" image_urls="[http://example.com/image1.jpg]" product_id=15
time="2024-12-09T03:02:19+05:30" level=warning msg="Cache miss for key: products:user:1" func=product-management/internal/cache.GetCache file="C:/Users/RISHI/Desktop/product-management/internal/cache/cache.go:67"
time="2024-12-09T03:02:19+05:30" level=info msg="Cache set successfully in Redis" func=product-management/internal/cache.SetCache file="C:/Users/RISHI/Desktop/product-management/internal/cache/cache.go:59" key="products:user:1" ttl=600ns
time="2024-12-09T03:02:25+05:30" level=error msg="Error connecting to RabbitMQ: Exception (406) Reason: \"PRECONDITION_FAILED - inequivalent arg 'x-dead-letter-exchange' for queue 'image_processing' in vhost '/': received the value '' of type 'longstr' but current is none\"" func=product-management/internal/queue.Publish file="C:/Users/RISHI/Desktop/product-management/internal/queue/producer.go:72"
time="2024-12-09T03:02:25+05:30" level=error msg="Failed to enqueue image processing task" func=product-management/internal/api.CreateProduct file="C:/Users/RISHI/Desktop/product-management/internal/api/products.go:74" error="Exception (406) Reason: \"PRECONDITION_FAILED - inequivalent arg 'x-dead-letter-exchange' for queue 'image_processing' in vhost '/': received the value '' of type 'longstr' but current is none\"" image_urls="[http://example.com/image1.jpg]" product_id=16
time="2024-12-09T03:02:29+05:30" level=warning msg="Cache miss for key: products:user:1" func=product-management/internal/cache.GetCache file="C:/Users/RISHI/Desktop/product-management/internal/cache/cache.go:67"
time="2024-12-09T03:02:29+05:30" level=info msg="Cache set successfully in Redis" func=product-management/internal/cache.SetCache file="C:/Users/RISHI/Desktop/product-management/internal/cache/cache.go:59" key="products:user:1" ttl=600ns
time="2024-12-09T03:12:36+05:30" level=info msg="Logging initialized" func=product-management/internal/logging.Init file="C:/Users/RISHI/Desktop/product-management/internal/logging/logging.go:39"
time="2024-12-09T03:12:36+05:30" level=info msg="Successfully connected to the database" func=product-management/internal/db.Connect file="C:/Users/RISHI/Desktop/product-management/internal/db/db.go:40"
time="2024-12-09T03:12:36+05:30" level=info msg="Connected to Redis successfully" func=product-management/internal/cache.Connect file="C:/Users/RISHI/Desktop/product-management/internal/cache/cache.go:44"
time="2024-12-09T03:12:46+05:30" level=error msg="Error connecting to RabbitMQ: Exception (406) Reason: \"PRECONDITION_FAILED - inequivalent arg 'x-dead-letter-exchange' for queue 'image_processing' in vhost '/': received the value 'my_dead_letter_exchange' of type 'longstr' but current is none\"" func=product-management/internal/queue.Publish file="C:/Users/RISHI/Desktop/product-management/internal/queue/producer.go:46"
time="2024-12-09T03:12:46+05:30" level=error msg="Failed to enqueue image processing task" func=product-management/internal/api.CreateProduct file="C:/Users/RISHI/Desktop/product-management/internal/api/products.go:74" error="Exception (406) Reason: \"PRECONDITION_FAILED - inequivalent arg 'x-dead-letter-exchange' for queue 'image_processing' in vhost '/': received the value 'my_dead_letter_exchange' of type 'longstr' but current is none\"" image_urls="[http://example.com/image1.jpg]" product_id=17
time="2024-12-09T03:22:29+05:30" level=info msg="Logging initialized" func=product-management/internal/logging.Init file="C:/Users/RISHI/Desktop/product-management/internal/logging/logging.go:39"
time="2024-12-09T03:22:30+05:30" level=info msg="Successfully connected to the database" func=product-management/internal/db.Connect file="C:/Users/RISHI/Desktop/product-management/internal/db/db.go:40"
time="2024-12-09T03:22:30+05:30" level=info msg="Connected to Redis successfully" func=product-management/internal/cache.Connect file="C:/Users/RISHI/Desktop/product-management/internal/cache/cache.go:44"
time="2024-12-09T03:22:36+05:30" level=info msg="Message published to RabbitMQ" func=product-management/internal/queue.Publish file="C:/Users/RISHI/Desktop/product-management/internal/queue/producer.go:68"
time="2024-12-09T03:22:36+05:30" level=info msg="Product created successfully" func=product-management/internal/api.CreateProduct file="C:/Users/RISHI/Desktop/product-management/internal/api/products.go:79" product_id=18
time="2024-12-09T03:23:14+05:30" level=warning msg="Cache miss for key: product:16" func=product-management/internal/cache.GetCache file="C:/Users/RISHI/Desktop/product-management/internal/cache/cache.go:67"
time="2024-12-09T03:23:14+05:30" level=info msg="Cache set successfully in Redis" func=product-management/internal/cache.SetCache file="C:/Users/RISHI/Desktop/product-management/internal/cache/cache.go:59" key="product:16" ttl=600ns
time="2024-12-09T03:23:27+05:30" level=warning msg="Cache miss for key: products:user:2" func=product-management/internal/cache.GetCache file="C:/Users/RISHI/Desktop/product-management/internal/cache/cache.go:67"
time="2024-12-09T03:23:27+05:30" level=info msg="Cache set successfully in Redis" func=product-management/internal/cache.SetCache file="C:/Users/RISHI/Desktop/product-management/internal/cache/cache.go:59" key="products:user:2" ttl=600ns
time="2024-12-09T03:23:31+05:30" level=warning msg="Cache miss for key: products:user:1" func=product-management/internal/cache.GetCache file="C:/Users/RISHI/Desktop/product-management/internal/cache/cache.go:67"
time="2024-12-09T03:23:31+05:30" level=info msg="Cache set successfully in Redis" func=product-management/internal/cache.SetCache file="C:/Users/RISHI/Desktop/product-management/internal/cache/cache.go:59" key="products:user:1" ttl=600ns
time="2024-12-09T03:23:40+05:30" level=warning msg="Cache miss for key: products:user:1" func=product-management/internal/cache.GetCache file="C:/Users/RISHI/Desktop/product-management/internal/cache/cache.go:67"
time="2024-12-09T03:23:40+05:30" level=info msg="Cache set successfully in Redis" func=product-management/internal/cache.SetCache file="C:/Users/RISHI/Desktop/product-management/internal/cache/cache.go:59" key="products:user:1" ttl=600ns
time="2024-12-09T03:23:51+05:30" level=warning msg="Cache miss for key: products:user:1" func=product-management/internal/cache.GetCache file="C:/Users/RISHI/Desktop/product-management/internal/cache/cache.go:67"
time="2024-12-09T03:23:51+05:30" level=info msg="Cache set successfully in Redis" func=product-management/internal/cache.SetCache file="C:/Users/RISHI/Desktop/product-management/internal/cache/cache.go:59" key="products:user:1" ttl=600ns
time="2024-12-09T03:24:10+05:30" level=warning msg="Cache miss for key: products:user:1" func=product-management/internal/cache.GetCache file="C:/Users/RISHI/Desktop/product-management/internal/cache/cache.go:67"
time="2024-12-09T03:24:10+05:30" level=info msg="Cache set successfully in Redis" func=product-management/internal/cache.SetCache file="C:/Users/RISHI/Desktop/product-management/internal/cache/cache.go:59" key="products:user:1" ttl=600ns
time="2024-12-09T03:24:16+05:30" level=info msg="Cache set successfully in Redis" func=product-management/internal/cache.SetCache file="C:/Users/RISHI/Desktop/product-management/internal/cache/cache.go:59" key="product:1" ttl=0s
time="2024-12-09T03:26:42+05:30" level=warning msg="Cache miss for key: products:user:1" func=product-management/internal/cache.GetCache file="C:/Users/RISHI/Desktop/product-management/internal/cache/cache.go:67"
time="2024-12-09T03:26:42+05:30" level=info msg="Cache set successfully in Redis" func=product-management/internal/cache.SetCache file="C:/Users/RISHI/Desktop/product-management/internal/cache/cache.go:59" key="products:user:1" ttl=600ns
time="2024-12-09T03:34:07+05:30" level=info msg="Logging initialized" func=product-management/internal/logging.Init file="C:/Users/RISHI/Desktop/product-management/internal/logging/logging.go:39"
time="2024-12-09T03:34:07+05:30" level=info msg="Successfully connected to the database" func=product-management/internal/db.Connect file="C:/Users/RISHI/Desktop/product-management/internal/db/db.go:40"
time="2024-12-09T03:34:07+05:30" level=info msg="Connected to Redis successfully" func=product-management/internal/cache.Connect file="C:/Users/RISHI/Desktop/product-management/internal/cache/cache.go:44"
time="2024-12-09T03:34:16+05:30" level=info msg="Message published to RabbitMQ" func=product-management/internal/queue.Publish file="C:/Users/RISHI/Desktop/product-management/internal/queue/producer.go:68"
time="2024-12-09T03:34:16+05:30" level=info msg="Product created successfully" func=product-management/internal/api.CreateProduct file="C:/Users/RISHI/Desktop/product-management/internal/api/products.go:80" product_id=19
time="2024-12-09T03:34:21+05:30" level=warning msg="Cache miss for key: product:16" func=product-management/internal/cache.GetCache file="C:/Users/RISHI/Desktop/product-management/internal/cache/cache.go:67"
time="2024-12-09T03:34:21+05:30" level=info msg="Cache set successfully in Redis" func=product-management/internal/cache.SetCache file="C:/Users/RISHI/Desktop/product-management/internal/cache/cache.go:59" key="product:16" ttl=600ns
time="2024-12-09T03:34:27+05:30" level=warning msg="Cache miss for key: product:20" func=product-management/internal/cache.GetCache file="C:/Users/RISHI/Desktop/product-management/internal/cache/cache.go:67"
time="2024-12-09T03:34:27+05:30" level=warning msg="Product not found" func=product-management/internal/api.GetProductByID file="C:/Users/RISHI/Desktop/product-management/internal/api/products.go:113" product_id=20
time="2024-12-09T03:34:32+05:30" level=warning msg="Cache miss for key: product:19" func=product-management/internal/cache.GetCache file="C:/Users/RISHI/Desktop/product-management/internal/cache/cache.go:67"
time="2024-12-09T03:34:32+05:30" level=info msg="Cache set successfully in Redis" func=product-management/internal/cache.SetCache file="C:/Users/RISHI/Desktop/product-management/internal/cache/cache.go:59" key="product:19" ttl=600ns
time="2024-12-09T03:34:40+05:30" level=info msg="Cache set successfully in Redis" func=product-management/internal/cache.SetCache file="C:/Users/RISHI/Desktop/product-management/internal/cache/cache.go:59" key="products:user:1" ttl=600ns
time="2024-12-09T03:34:50+05:30" level=info msg="Cache set successfully in Redis" func=product-management/internal/cache.SetCache file="C:/Users/RISHI/Desktop/product-management/internal/cache/cache.go:59" key="products:user:1" ttl=600ns
time="2024-12-09T03:35:03+05:30" level=info msg="Cache set successfully in Redis" func=product-management/internal/cache.SetCache file="C:/Users/RISHI/Desktop/product-management/internal/cache/cache.go:59" key="products:user:1" ttl=600ns
time="2024-12-09T03:35:13+05:30" level=info msg="Cache set successfully in Redis" func=product-management/internal/cache.SetCache file="C:/Users/RISHI/Desktop/product-management/internal/cache/cache.go:59" key="products:user:1" ttl=600ns
time="2024-12-09T03:35:46+05:30" level=info msg="Cache set successfully in Redis" func=product-management/internal/cache.SetCache file="C:/Users/RISHI/Desktop/product-management/internal/cache/cache.go:59" key="products:user:1" ttl=600ns
time="2024-12-09T03:36:25+05:30" level=info msg="Logging initialized" func=product-management/internal/logging.Init file="C:/Users/RISHI/Desktop/product-management/internal/logging/logging.go:39"
time="2024-12-09T03:36:25+05:30" level=info msg="Successfully connected to the database" func=product-management/internal/db.Connect file="C:/Users/RISHI/Desktop/product-management/internal/db/db.go:40"
time="2024-12-09T03:36:25+05:30" level=info msg="Connected to Redis successfully" func=product-management/internal/cache.Connect file="C:/Users/RISHI/Desktop/product-management/internal/cache/cache.go:44"
time="2024-12-09T03:36:41+05:30" level=warning msg="Cache miss for key: products:user:1" func=product-management/internal/cache.GetCache file="C:/Users/RISHI/Desktop/product-management/internal/cache/cache.go:67"
time="2024-12-09T03:36:41+05:30" level=info msg="Cache set successfully in Redis" func=product-management/internal/cache.SetCache file="C:/Users/RISHI/Desktop/product-management/internal/cache/cache.go:59" key="products:user:1" ttl=600ns
time="2024-12-09T03:36:49+05:30" level=info msg="Message published to RabbitMQ" func=product-management/internal/queue.Publish file="C:/Users/RISHI/Desktop/product-management/internal/queue/producer.go:68"
time="2024-12-09T03:36:49+05:30" level=info msg="Product created successfully" func=product-management/internal/api.CreateProduct file="C:/Users/RISHI/Desktop/product-management/internal/api/products.go:79" product_id=20
time="2024-12-09T03:40:47+05:30" level=info msg="Logging initialized" func=product-management/internal/logging.Init file="C:/Users/RISHI/Desktop/product-management/internal/logging/logging.go:39"
time="2024-12-09T03:40:47+05:30" level=info msg="Successfully connected to the database" func=product-management/internal/db.Connect file="C:/Users/RISHI/Desktop/product-management/internal/db/db.go:40"
time="2024-12-09T03:40:47+05:30" level=info msg="Connected to Redis successfully" func=product-management/internal/cache.Connect file="C:/Users/RISHI/Desktop/product-management/internal/cache/cache.go:44"
time="2024-12-09T03:40:57+05:30" level=info msg="Executing query to fetch products" func=product-management/internal/api.GetProducts file="C:/Users/RISHI/Desktop/product-management/internal/api/products.go:191" params="[1 1 200 %Sample%]" query="SELECT id, product_name, product_description, product_price, product_images, compressed_product_images FROM products WHERE user_id=$1 AND product_price >= $2 AND product_price <= $3 AND product_name ILIKE $4"
time="2024-12-09T03:40:57+05:30" level=info msg="Cache set successfully in Redis" func=product-management/internal/cache.SetCache file="C:/Users/RISHI/Desktop/product-management/internal/cache/cache.go:59" key="products:user:1" ttl=600ns
time="2024-12-09T03:41:12+05:30" level=info msg="Executing query to fetch products" func=product-management/internal/api.GetProducts file="C:/Users/RISHI/Desktop/product-management/internal/api/products.go:191" params="[1 1 20 %Sample%]" query="SELECT id, product_name, product_description, product_price, product_images, compressed_product_images FROM products WHERE user_id=$1 AND product_price >= $2 AND product_price <= $3 AND product_name ILIKE $4"
time="2024-12-09T03:41:12+05:30" level=info msg="Cache set successfully in Redis" func=product-management/internal/cache.SetCache file="C:/Users/RISHI/Desktop/product-management/internal/cache/cache.go:59" key="products:user:1" ttl=600ns
time="2024-12-09T03:41:38+05:30" level=info msg="Message published to RabbitMQ" func=product-management/internal/queue.Publish file="C:/Users/RISHI/Desktop/product-management/internal/queue/producer.go:68"
time="2024-12-09T03:41:38+05:30" level=info msg="Product created successfully" func=product-management/internal/api.CreateProduct file="C:/Users/RISHI/Desktop/product-management/internal/api/products.go:80" product_id=21
time="2024-12-09T03:41:50+05:30" level=info msg="Executing query to fetch products" func=product-management/internal/api.GetProducts file="C:/Users/RISHI/Desktop/product-management/internal/api/products.go:191" params="[1 1 10 %Sample%]" query="SELECT id, product_name, product_description, product_price, product_images, compressed_product_images FROM products WHERE user_id=$1 AND product_price >= $2 AND product_price <= $3 AND product_name ILIKE $4"
time="2024-12-09T03:41:50+05:30" level=info msg="Cache set successfully in Redis" func=product-management/internal/cache.SetCache file="C:/Users/RISHI/Desktop/product-management/internal/cache/cache.go:59" key="products:user:1" ttl=600ns
time="2024-12-09T03:42:03+05:30" level=info msg="Executing query to fetch products" func=product-management/internal/api.GetProducts file="C:/Users/RISHI/Desktop/product-management/internal/api/products.go:191" params="[1 100 10000 %Sample%]" query="SELECT id, product_name, product_description, product_price, product_images, compressed_product_images FROM products WHERE user_id=$1 AND product_price >= $2 AND product_price <= $3 AND product_name ILIKE $4"
time="2024-12-09T03:42:03+05:30" level=info msg="Cache set successfully in Redis" func=product-management/internal/cache.SetCache file="C:/Users/RISHI/Desktop/product-management/internal/cache/cache.go:59" key="products:user:1" ttl=600ns
